MSPHelper.js?t=1767270103689:334 [MSP_ANALOG] {voltage: 0, mAhdrawn: 0, rssi: 0, amperage: 0}
MSPHelper.js?t=1767270103689:334 [MSP_ANALOG] {voltage: 0, mAhdrawn: 0, rssi: 0, amperage: 0}
MSPHelper.js?t=1767270103689:334 [MSP_ANALOG] {voltage: 0, mAhdrawn: 0, rssi: 0, amperage: 0}
MSPHelper.js?t=1767270103689:334 [MSP_ANALOG] {voltage: 0, mAhdrawn: 0, rssi: 0, amperage: 0}
MSPHelper.js?t=1767270103689:334 [MSP_ANALOG] {voltage: 0, mAhdrawn: 0, rssi: 0, amperage: 0}
MSPHelper.js?t=1767270103689:334 [MSP_ANALOG] {voltage: 0, mAhdrawn: 0, rssi: 0, amperage: 0}
MSPHelper.js?t=1767270103689:334 [MSP_ANALOG] {voltage: 0, mAhdrawn: 0, rssi: 0, amperage: 0}
MSPHelper.js?t=1767270103689:334 [MSP_ANALOG] {voltage: 0, mAhdrawn: 0, rssi: 0, amperage: 0}
MSPHelper.js?t=1767270103689:334 [MSP_ANALOG] {voltage: 0, mAhdrawn: 0, rssi: 0, amperage: 0}
MSPHelper.js?t=1767270103689:334 [MSP_ANALOG] {voltage: 0, mAhdrawn: 0, rssi: 0, amperage: 0}
MSPHelper.js?t=1767270103689:334 [MSP_ANALOG] {voltage: 0, mAhdrawn: 0, rssi: 0, amperage: 0}
MSPHelper.js?t=1767270103689:334 [MSP_ANALOG] {voltage: 0, mAhdrawn: 0, rssi: 0, amperage: 0}
MSPHelper.js?t=1767270103689:334 [MSP_ANALOG] {voltage: 0, mAhdrawn: 0, rssi: 0, amperage: 0}
MSPHelper.js?t=1767270103689:334 [MSP_ANALOG] {voltage: 0, mAhdrawn: 0, rssi: 0, amperage: 0}
onboard_logging.js?t=1767270883963:434 🔥🔥🔥 [flash_save_begin] START 🔥🔥🔥
onboard_logging.js?t=1767270883963:437 [flash_save_begin] GUI is connected
onboard_logging.js?t=1767270883963:440 [flash_save_begin] blockSize = 4096
onboard_logging.js?t=1767270883963:445 [flash_save_begin] maxBytes = 16777216
MSPHelper.js?t=1767270103689:334 [MSP_ANALOG] {voltage: 0, mAhdrawn: 0, rssi: 0, amperage: 0}
MSPHelper.js?t=1767270103689:334 [MSP_ANALOG] {voltage: 0, mAhdrawn: 0, rssi: 0, amperage: 0}
MSPHelper.js?t=1767270103689:334 [MSP_ANALOG] {voltage: 0, mAhdrawn: 0, rssi: 0, amperage: 0}
MSPHelper.js?t=1767270103689:334 [MSP_ANALOG] {voltage: 0, mAhdrawn: 0, rssi: 0, amperage: 0}
MSPHelper.js?t=1767270103689:334 [MSP_ANALOG] {voltage: 0, mAhdrawn: 0, rssi: 0, amperage: 0}
MSPHelper.js?t=1767270103689:334 [MSP_ANALOG] {voltage: 0, mAhdrawn: 0, rssi: 0, amperage: 0}
MSPHelper.js?t=1767270103689:334 [MSP_ANALOG] {voltage: 0, mAhdrawn: 0, rssi: 0, amperage: 0}
MSPHelper.js?t=1767270103689:334 [MSP_ANALOG] {voltage: 0, mAhdrawn: 0, rssi: 0, amperage: 0}
MSPHelper.js?t=1767270103689:334 [MSP_ANALOG] {voltage: 0, mAhdrawn: 0, rssi: 0, amperage: 0}
MSPHelper.js?t=1767270103689:334 [MSP_ANALOG] {voltage: 0, mAhdrawn: 0, rssi: 0, amperage: 0}
MSPHelper.js?t=1767270103689:334 [MSP_ANALOG] {voltage: 0, mAhdrawn: 0, rssi: 0, amperage: 0}
MSPHelper.js?t=1767270103689:334 [MSP_ANALOG] {voltage: 0, mAhdrawn: 0, rssi: 0, amperage: 0}
MSPHelper.js?t=1767270103689:334 [MSP_ANALOG] {voltage: 0, mAhdrawn: 0, rssi: 0, amperage: 0}
MSPHelper.js?t=1767270103689:334 [MSP_ANALOG] {voltage: 0, mAhdrawn: 0, rssi: 0, amperage: 0}
MSPHelper.js?t=1767270103689:334 [MSP_ANALOG] {voltage: 0, mAhdrawn: 0, rssi: 0, amperage: 0}
onboard_logging.js?t=1767270883963:452 [flash_save_begin] showing saving dialog
onboard_logging.js?t=1767270883963:509 [flash_save_begin] starting first block read
onboard_logging.js?t=1767270883963:455 [onChunkRead] nextAddress = 0 chunkDataView.byteLength = 3584 bytesCompressed = 4098
onboard_logging.js?t=1767270883963:466 [onChunkRead] writing chunk, totalBytesCompressed = 4098
MSPHelper.js?t=1767270103689:334 [MSP_ANALOG] {voltage: 0, mAhdrawn: 0, rssi: 0, amperage: 0}
onboard_logging.js?t=1767270883963:472 [fileWriter.onwriteend] finished writing chunk at nextAddress = 3584
onboard_logging.js?t=1767270883963:489 [fileWriter.onwriteend] reading next block
onboard_logging.js?t=1767270883963:455 [onChunkRead] nextAddress = 3584 chunkDataView.byteLength = 6656 bytesCompressed = 4098
onboard_logging.js?t=1767270883963:466 [onChunkRead] writing chunk, totalBytesCompressed = 8196
onboard_logging.js?t=1767270883963:472 [fileWriter.onwriteend] finished writing chunk at nextAddress = 10240
onboard_logging.js?t=1767270883963:489 [fileWriter.onwriteend] reading next block
onboard_logging.js?t=1767270883963:455 [onChunkRead] nextAddress = 10240 chunkDataView.byteLength = 9728 bytesCompressed = 4098
onboard_logging.js?t=1767270883963:466 [onChunkRead] writing chunk, totalBytesCompressed = 12294
onboard_logging.js?t=1767270883963:472 [fileWriter.onwriteend] finished writing chunk at nextAddress = 19968
onboard_logging.js?t=1767270883963:489 [fileWriter.onwriteend] reading next block
onboard_logging.js?t=1767270883963:455 [onChunkRead] nextAddress = 19968 chunkDataView.byteLength = 9472 bytesCompressed = 4098
onboard_logging.js?t=1767270883963:466 [onChunkRead] writing chunk, totalBytesCompressed = 16392
onboard_logging.js?t=1767270883963:472 [fileWriter.onwriteend] finished writing chunk at nextAddress = 29440
onboard_logging.js?t=1767270883963:489 [fileWriter.onwriteend] reading next block
onboard_logging.js?t=1767270883963:455 [onChunkRead] nextAddress = 29440 chunkDataView.byteLength = 9472 bytesCompressed = 4098
onboard_logging.js?t=1767270883963:466 [onChunkRead] writing chunk, totalBytesCompressed = 20490
onboard_logging.js?t=1767270883963:472 [fileWriter.onwriteend] finished writing chunk at nextAddress = 38912
onboard_logging.js?t=1767270883963:489 [fileWriter.onwriteend] reading next block
onboard_logging.js?t=1767270883963:455 [onChunkRead] nextAddress = 38912 chunkDataView.byteLength = 9728 bytesCompressed = 4098
onboard_logging.js?t=1767270883963:466 [onChunkRead] writing chunk, totalBytesCompressed = 24588
MSPHelper.js?t=1767270103689:334 [MSP_ANALOG] {voltage: 0, mAhdrawn: 0, rssi: 0, amperage: 0}
onboard_logging.js?t=1767270883963:472 [fileWriter.onwriteend] finished writing chunk at nextAddress = 48640
onboard_logging.js?t=1767270883963:489 [fileWriter.onwriteend] reading next block
onboard_logging.js?t=1767270883963:455 [onChunkRead] nextAddress = 48640 chunkDataView.byteLength = 9728 bytesCompressed = 4098
onboard_logging.js?t=1767270883963:466 [onChunkRead] writing chunk, totalBytesCompressed = 28686
onboard_logging.js?t=1767270883963:472 [fileWriter.onwriteend] finished writing chunk at nextAddress = 58368
onboard_logging.js?t=1767270883963:489 [fileWriter.onwriteend] reading next block
onboard_logging.js?t=1767270883963:455 [onChunkRead] nextAddress = 58368 chunkDataView.byteLength = 9728 bytesCompressed = 4098
onboard_logging.js?t=1767270883963:466 [onChunkRead] writing chunk, totalBytesCompressed = 32784
onboard_logging.js?t=1767270883963:472 [fileWriter.onwriteend] finished writing chunk at nextAddress = 68096
onboard_logging.js?t=1767270883963:489 [fileWriter.onwriteend] reading next block
onboard_logging.js?t=1767270883963:455 [onChunkRead] nextAddress = 68096 chunkDataView.byteLength = 9472 bytesCompressed = 4098
onboard_logging.js?t=1767270883963:466 [onChunkRead] writing chunk, totalBytesCompressed = 36882
onboard_logging.js?t=1767270883963:472 [fileWriter.onwriteend] finished writing chunk at nextAddress = 77568
onboard_logging.js?t=1767270883963:489 [fileWriter.onwriteend] reading next block
onboard_logging.js?t=1767270883963:455 [onChunkRead] nextAddress = 77568 chunkDataView.byteLength = 9472 bytesCompressed = 4098
onboard_logging.js?t=1767270883963:466 [onChunkRead] writing chunk, totalBytesCompressed = 40980
MSPHelper.js?t=1767270103689:334 [MSP_ANALOG] {voltage: 0, mAhdrawn: 0, rssi: 0, amperage: 0}
onboard_logging.js?t=1767270883963:472 [fileWriter.onwriteend] finished writing chunk at nextAddress = 87040
onboard_logging.js?t=1767270883963:489 [fileWriter.onwriteend] reading next block
onboard_logging.js?t=1767270883963:455 [onChunkRead] nextAddress = 87040 chunkDataView.byteLength = 9472 bytesCompressed = 4098
onboard_logging.js?t=1767270883963:466 [onChunkRead] writing chunk, totalBytesCompressed = 45078
onboard_logging.js?t=1767270883963:472 [fileWriter.onwriteend] finished writing chunk at nextAddress = 96512
onboard_logging.js?t=1767270883963:489 [fileWriter.onwriteend] reading next block
onboard_logging.js?t=1767270883963:455 [onChunkRead] nextAddress = 96512 chunkDataView.byteLength = 9472 bytesCompressed = 4098
onboard_logging.js?t=1767270883963:466 [onChunkRead] writing chunk, totalBytesCompressed = 49176
onboard_logging.js?t=1767270883963:472 [fileWriter.onwriteend] finished writing chunk at nextAddress = 105984
onboard_logging.js?t=1767270883963:489 [fileWriter.onwriteend] reading next block
onboard_logging.js?t=1767270883963:455 [onChunkRead] nextAddress = 105984 chunkDataView.byteLength = 9472 bytesCompressed = 4098
onboard_logging.js?t=1767270883963:466 [onChunkRead] writing chunk, totalBytesCompressed = 53274
onboard_logging.js?t=1767270883963:472 [fileWriter.onwriteend] finished writing chunk at nextAddress = 115456
onboard_logging.js?t=1767270883963:489 [fileWriter.onwriteend] reading next block
onboard_logging.js?t=1767270883963:455 [onChunkRead] nextAddress = 115456 chunkDataView.byteLength = 9728 bytesCompressed = 4098
onboard_logging.js?t=1767270883963:466 [onChunkRead] writing chunk, totalBytesCompressed = 57372
onboard_logging.js?t=1767270883963:472 [fileWriter.onwriteend] finished writing chunk at nextAddress = 125184
onboard_logging.js?t=1767270883963:489 [fileWriter.onwriteend] reading next block
onboard_logging.js?t=1767270883963:455 [onChunkRead] nextAddress = 125184 chunkDataView.byteLength = 9728 bytesCompressed = 4098
onboard_logging.js?t=1767270883963:466 [onChunkRead] writing chunk, totalBytesCompressed = 61470
MSPHelper.js?t=1767270103689:334 [MSP_ANALOG] {voltage: 0, mAhdrawn: 0, rssi: 0, amperage: 0}
onboard_logging.js?t=1767270883963:472 [fileWriter.onwriteend] finished writing chunk at nextAddress = 134912
onboard_logging.js?t=1767270883963:489 [fileWriter.onwriteend] reading next block
onboard_logging.js?t=1767270883963:455 [onChunkRead] nextAddress = 134912 chunkDataView.byteLength = 9728 bytesCompressed = 4098
onboard_logging.js?t=1767270883963:466 [onChunkRead] writing chunk, totalBytesCompressed = 65568
onboard_logging.js?t=1767270883963:472 [fileWriter.onwriteend] finished writing chunk at nextAddress = 144640
onboard_logging.js?t=1767270883963:489 [fileWriter.onwriteend] reading next block
onboard_logging.js?t=1767270883963:455 [onChunkRead] nextAddress = 144640 chunkDataView.byteLength = 9472 bytesCompressed = 4098
onboard_logging.js?t=1767270883963:466 [onChunkRead] writing chunk, totalBytesCompressed = 69666
onboard_logging.js?t=1767270883963:472 [fileWriter.onwriteend] finished writing chunk at nextAddress = 154112
onboard_logging.js?t=1767270883963:489 [fileWriter.onwriteend] reading next block
onboard_logging.js?t=1767270883963:455 [onChunkRead] nextAddress = 154112 chunkDataView.byteLength = 9472 bytesCompressed = 4098
onboard_logging.js?t=1767270883963:466 [onChunkRead] writing chunk, totalBytesCompressed = 73764
onboard_logging.js?t=1767270883963:472 [fileWriter.onwriteend] finished writing chunk at nextAddress = 163584
onboard_logging.js?t=1767270883963:489 [fileWriter.onwriteend] reading next block
onboard_logging.js?t=1767270883963:455 [onChunkRead] nextAddress = 163584 chunkDataView.byteLength = 9472 bytesCompressed = 4098
onboard_logging.js?t=1767270883963:466 [onChunkRead] writing chunk, totalBytesCompressed = 77862
onboard_logging.js?t=1767270883963:472 [fileWriter.onwriteend] finished writing chunk at nextAddress = 173056
onboard_logging.js?t=1767270883963:489 [fileWriter.onwriteend] reading next block
onboard_logging.js?t=1767270883963:455 [onChunkRead] nextAddress = 173056 chunkDataView.byteLength = 9728 bytesCompressed = 4098
onboard_logging.js?t=1767270883963:466 [onChunkRead] writing chunk, totalBytesCompressed = 81960
MSPHelper.js?t=1767270103689:334 [MSP_ANALOG] {voltage: 0, mAhdrawn: 0, rssi: 0, amperage: 0}
onboard_logging.js?t=1767270883963:472 [fileWriter.onwriteend] finished writing chunk at nextAddress = 182784
onboard_logging.js?t=1767270883963:489 [fileWriter.onwriteend] reading next block
onboard_logging.js?t=1767270883963:455 [onChunkRead] nextAddress = 182784 chunkDataView.byteLength = 9728 bytesCompressed = 4098
onboard_logging.js?t=1767270883963:466 [onChunkRead] writing chunk, totalBytesCompressed = 86058
onboard_logging.js?t=1767270883963:472 [fileWriter.onwriteend] finished writing chunk at nextAddress = 192512
onboard_logging.js?t=1767270883963:489 [fileWriter.onwriteend] reading next block
onboard_logging.js?t=1767270883963:455 [onChunkRead] nextAddress = 192512 chunkDataView.byteLength = 9728 bytesCompressed = 4098
onboard_logging.js?t=1767270883963:466 [onChunkRead] writing chunk, totalBytesCompressed = 90156
onboard_logging.js?t=1767270883963:472 [fileWriter.onwriteend] finished writing chunk at nextAddress = 202240
onboard_logging.js?t=1767270883963:489 [fileWriter.onwriteend] reading next block
onboard_logging.js?t=1767270883963:455 [onChunkRead] nextAddress = 202240 chunkDataView.byteLength = 9728 bytesCompressed = 4098
onboard_logging.js?t=1767270883963:466 [onChunkRead] writing chunk, totalBytesCompressed = 94254
onboard_logging.js?t=1767270883963:472 [fileWriter.onwriteend] finished writing chunk at nextAddress = 211968
onboard_logging.js?t=1767270883963:489 [fileWriter.onwriteend] reading next block
onboard_logging.js?t=1767270883963:455 [onChunkRead] nextAddress = 211968 chunkDataView.byteLength = 9728 bytesCompressed = 4098
onboard_logging.js?t=1767270883963:466 [onChunkRead] writing chunk, totalBytesCompressed = 98352
MSPHelper.js?t=1767270103689:334 [MSP_ANALOG] {voltage: 0, mAhdrawn: 0, rssi: 0, amperage: 0}
onboard_logging.js?t=1767270883963:472 [fileWriter.onwriteend] finished writing chunk at nextAddress = 221696
onboard_logging.js?t=1767270883963:489 [fileWriter.onwriteend] reading next block
onboard_logging.js?t=1767270883963:455 [onChunkRead] nextAddress = 221696 chunkDataView.byteLength = 9728 bytesCompressed = 4098
onboard_logging.js?t=1767270883963:466 [onChunkRead] writing chunk, totalBytesCompressed = 102450
onboard_logging.js?t=1767270883963:472 [fileWriter.onwriteend] finished writing chunk at nextAddress = 231424
onboard_logging.js?t=1767270883963:489 [fileWriter.onwriteend] reading next block
onboard_logging.js?t=1767270883963:455 [onChunkRead] nextAddress = 231424 chunkDataView.byteLength = 9728 bytesCompressed = 4098
onboard_logging.js?t=1767270883963:466 [onChunkRead] writing chunk, totalBytesCompressed = 106548
onboard_logging.js?t=1767270883963:472 [fileWriter.onwriteend] finished writing chunk at nextAddress = 241152
onboard_logging.js?t=1767270883963:489 [fileWriter.onwriteend] reading next block
onboard_logging.js?t=1767270883963:455 [onChunkRead] nextAddress = 241152 chunkDataView.byteLength = 9216 bytesCompressed = 4098
onboard_logging.js?t=1767270883963:466 [onChunkRead] writing chunk, totalBytesCompressed = 110646
onboard_logging.js?t=1767270883963:472 [fileWriter.onwriteend] finished writing chunk at nextAddress = 250368
onboard_logging.js?t=1767270883963:489 [fileWriter.onwriteend] reading next block
onboard_logging.js?t=1767270883963:455 [onChunkRead] nextAddress = 250368 chunkDataView.byteLength = 7936 bytesCompressed = 4098
onboard_logging.js?t=1767270883963:466 [onChunkRead] writing chunk, totalBytesCompressed = 114744
onboard_logging.js?t=1767270883963:472 [fileWriter.onwriteend] finished writing chunk at nextAddress = 258304
onboard_logging.js?t=1767270883963:489 [fileWriter.onwriteend] reading next block
onboard_logging.js?t=1767270883963:455 [onChunkRead] nextAddress = 258304 chunkDataView.byteLength = 8448 bytesCompressed = 4098
onboard_logging.js?t=1767270883963:466 [onChunkRead] writing chunk, totalBytesCompressed = 118842
MSPHelper.js?t=1767270103689:334 [MSP_ANALOG] {voltage: 0, mAhdrawn: 0, rssi: 0, amperage: 0}
onboard_logging.js?t=1767270883963:472 [fileWriter.onwriteend] finished writing chunk at nextAddress = 266752
onboard_logging.js?t=1767270883963:489 [fileWriter.onwriteend] reading next block
onboard_logging.js?t=1767270883963:455 [onChunkRead] nextAddress = 266752 chunkDataView.byteLength = 8192 bytesCompressed = 4098
onboard_logging.js?t=1767270883963:466 [onChunkRead] writing chunk, totalBytesCompressed = 122940
onboard_logging.js?t=1767270883963:472 [fileWriter.onwriteend] finished writing chunk at nextAddress = 274944
onboard_logging.js?t=1767270883963:489 [fileWriter.onwriteend] reading next block
onboard_logging.js?t=1767270883963:455 [onChunkRead] nextAddress = 274944 chunkDataView.byteLength = 7168 bytesCompressed = 4098
onboard_logging.js?t=1767270883963:466 [onChunkRead] writing chunk, totalBytesCompressed = 127038
onboard_logging.js?t=1767270883963:472 [fileWriter.onwriteend] finished writing chunk at nextAddress = 282112
onboard_logging.js?t=1767270883963:489 [fileWriter.onwriteend] reading next block
onboard_logging.js?t=1767270883963:455 [onChunkRead] nextAddress = 282112 chunkDataView.byteLength = 6400 bytesCompressed = 4098
onboard_logging.js?t=1767270883963:466 [onChunkRead] writing chunk, totalBytesCompressed = 131136
onboard_logging.js?t=1767270883963:472 [fileWriter.onwriteend] finished writing chunk at nextAddress = 288512
onboard_logging.js?t=1767270883963:489 [fileWriter.onwriteend] reading next block
onboard_logging.js?t=1767270883963:455 [onChunkRead] nextAddress = 288512 chunkDataView.byteLength = 6656 bytesCompressed = 4098
onboard_logging.js?t=1767270883963:466 [onChunkRead] writing chunk, totalBytesCompressed = 135234
onboard_logging.js?t=1767270883963:472 [fileWriter.onwriteend] finished writing chunk at nextAddress = 295168
onboard_logging.js?t=1767270883963:489 [fileWriter.onwriteend] reading next block
MSPHelper.js?t=1767270103689:334 [MSP_ANALOG] {voltage: 0, mAhdrawn: 0, rssi: 0, amperage: 0}
onboard_logging.js?t=1767270883963:455 [onChunkRead] nextAddress = 295168 chunkDataView.byteLength = 7168 bytesCompressed = 4098
onboard_logging.js?t=1767270883963:466 [onChunkRead] writing chunk, totalBytesCompressed = 139332
onboard_logging.js?t=1767270883963:472 [fileWriter.onwriteend] finished writing chunk at nextAddress = 302336
onboard_logging.js?t=1767270883963:489 [fileWriter.onwriteend] reading next block
onboard_logging.js?t=1767270883963:455 [onChunkRead] nextAddress = 302336 chunkDataView.byteLength = 7168 bytesCompressed = 4098
onboard_logging.js?t=1767270883963:466 [onChunkRead] writing chunk, totalBytesCompressed = 143430
onboard_logging.js?t=1767270883963:472 [fileWriter.onwriteend] finished writing chunk at nextAddress = 309504
onboard_logging.js?t=1767270883963:489 [fileWriter.onwriteend] reading next block
onboard_logging.js?t=1767270883963:455 [onChunkRead] nextAddress = 309504 chunkDataView.byteLength = 7168 bytesCompressed = 4098
onboard_logging.js?t=1767270883963:466 [onChunkRead] writing chunk, totalBytesCompressed = 147528
onboard_logging.js?t=1767270883963:472 [fileWriter.onwriteend] finished writing chunk at nextAddress = 316672
onboard_logging.js?t=1767270883963:489 [fileWriter.onwriteend] reading next block
onboard_logging.js?t=1767270883963:455 [onChunkRead] nextAddress = 316672 chunkDataView.byteLength = 6656 bytesCompressed = 4098
onboard_logging.js?t=1767270883963:466 [onChunkRead] writing chunk, totalBytesCompressed = 151626
onboard_logging.js?t=1767270883963:472 [fileWriter.onwriteend] finished writing chunk at nextAddress = 323328
onboard_logging.js?t=1767270883963:489 [fileWriter.onwriteend] reading next block
onboard_logging.js?t=1767270883963:455 [onChunkRead] nextAddress = 323328 chunkDataView.byteLength = 6912 bytesCompressed = 4098
onboard_logging.js?t=1767270883963:466 [onChunkRead] writing chunk, totalBytesCompressed = 155724
MSPHelper.js?t=1767270103689:334 [MSP_ANALOG] {voltage: 0, mAhdrawn: 0, rssi: 0, amperage: 0}
onboard_logging.js?t=1767270883963:472 [fileWriter.onwriteend] finished writing chunk at nextAddress = 330240
onboard_logging.js?t=1767270883963:489 [fileWriter.onwriteend] reading next block
onboard_logging.js?t=1767270883963:455 [onChunkRead] nextAddress = 330240 chunkDataView.byteLength = 6912 bytesCompressed = 4098
onboard_logging.js?t=1767270883963:466 [onChunkRead] writing chunk, totalBytesCompressed = 159822
onboard_logging.js?t=1767270883963:472 [fileWriter.onwriteend] finished writing chunk at nextAddress = 337152
onboard_logging.js?t=1767270883963:489 [fileWriter.onwriteend] reading next block
onboard_logging.js?t=1767270883963:455 [onChunkRead] nextAddress = 337152 chunkDataView.byteLength = 6912 bytesCompressed = 4098
onboard_logging.js?t=1767270883963:466 [onChunkRead] writing chunk, totalBytesCompressed = 163920
onboard_logging.js?t=1767270883963:472 [fileWriter.onwriteend] finished writing chunk at nextAddress = 344064
onboard_logging.js?t=1767270883963:489 [fileWriter.onwriteend] reading next block
onboard_logging.js?t=1767270883963:455 [onChunkRead] nextAddress = 344064 chunkDataView.byteLength = 6912 bytesCompressed = 4098
onboard_logging.js?t=1767270883963:466 [onChunkRead] writing chunk, totalBytesCompressed = 168018
onboard_logging.js?t=1767270883963:472 [fileWriter.onwriteend] finished writing chunk at nextAddress = 350976
onboard_logging.js?t=1767270883963:489 [fileWriter.onwriteend] reading next block
onboard_logging.js?t=1767270883963:455 [onChunkRead] nextAddress = 350976 chunkDataView.byteLength = 6912 bytesCompressed = 4098
onboard_logging.js?t=1767270883963:466 [onChunkRead] writing chunk, totalBytesCompressed = 172116
onboard_logging.js?t=1767270883963:472 [fileWriter.onwriteend] finished writing chunk at nextAddress = 357888
onboard_logging.js?t=1767270883963:489 [fileWriter.onwriteend] reading next block
onboard_logging.js?t=1767270883963:455 [onChunkRead] nextAddress = 357888 chunkDataView.byteLength = 7168 bytesCompressed = 4098
onboard_logging.js?t=1767270883963:466 [onChunkRead] writing chunk, totalBytesCompressed = 176214
MSPHelper.js?t=1767270103689:334 [MSP_ANALOG] {voltage: 0, mAhdrawn: 0, rssi: 0, amperage: 0}
onboard_logging.js?t=1767270883963:472 [fileWriter.onwriteend] finished writing chunk at nextAddress = 365056
onboard_logging.js?t=1767270883963:489 [fileWriter.onwriteend] reading next block
onboard_logging.js?t=1767270883963:455 [onChunkRead] nextAddress = 365056 chunkDataView.byteLength = 6912 bytesCompressed = 4098
onboard_logging.js?t=1767270883963:466 [onChunkRead] writing chunk, totalBytesCompressed = 180312
onboard_logging.js?t=1767270883963:472 [fileWriter.onwriteend] finished writing chunk at nextAddress = 371968
onboard_logging.js?t=1767270883963:489 [fileWriter.onwriteend] reading next block
onboard_logging.js?t=1767270883963:455 [onChunkRead] nextAddress = 371968 chunkDataView.byteLength = 6912 bytesCompressed = 4098
onboard_logging.js?t=1767270883963:466 [onChunkRead] writing chunk, totalBytesCompressed = 184410
onboard_logging.js?t=1767270883963:472 [fileWriter.onwriteend] finished writing chunk at nextAddress = 378880
onboard_logging.js?t=1767270883963:489 [fileWriter.onwriteend] reading next block
onboard_logging.js?t=1767270883963:455 [onChunkRead] nextAddress = 378880 chunkDataView.byteLength = 6912 bytesCompressed = 4098
onboard_logging.js?t=1767270883963:466 [onChunkRead] writing chunk, totalBytesCompressed = 188508
onboard_logging.js?t=1767270883963:472 [fileWriter.onwriteend] finished writing chunk at nextAddress = 385792
onboard_logging.js?t=1767270883963:489 [fileWriter.onwriteend] reading next block
onboard_logging.js?t=1767270883963:455 [onChunkRead] nextAddress = 385792 chunkDataView.byteLength = 6912 bytesCompressed = 4098
onboard_logging.js?t=1767270883963:466 [onChunkRead] writing chunk, totalBytesCompressed = 192606
onboard_logging.js?t=1767270883963:472 [fileWriter.onwriteend] finished writing chunk at nextAddress = 392704
onboard_logging.js?t=1767270883963:489 [fileWriter.onwriteend] reading next block
onboard_logging.js?t=1767270883963:455 [onChunkRead] nextAddress = 392704 chunkDataView.byteLength = 6656 bytesCompressed = 4098
onboard_logging.js?t=1767270883963:466 [onChunkRead] writing chunk, totalBytesCompressed = 196704
MSPHelper.js?t=1767270103689:334 [MSP_ANALOG] {voltage: 0, mAhdrawn: 0, rssi: 0, amperage: 0}
onboard_logging.js?t=1767270883963:472 [fileWriter.onwriteend] finished writing chunk at nextAddress = 399360
onboard_logging.js?t=1767270883963:489 [fileWriter.onwriteend] reading next block
onboard_logging.js?t=1767270883963:455 [onChunkRead] nextAddress = 399360 chunkDataView.byteLength = 6656 bytesCompressed = 4098
onboard_logging.js?t=1767270883963:466 [onChunkRead] writing chunk, totalBytesCompressed = 200802
onboard_logging.js?t=1767270883963:472 [fileWriter.onwriteend] finished writing chunk at nextAddress = 406016
onboard_logging.js?t=1767270883963:489 [fileWriter.onwriteend] reading next block
onboard_logging.js?t=1767270883963:455 [onChunkRead] nextAddress = 406016 chunkDataView.byteLength = 6144 bytesCompressed = 4098
onboard_logging.js?t=1767270883963:466 [onChunkRead] writing chunk, totalBytesCompressed = 204900
onboard_logging.js?t=1767270883963:472 [fileWriter.onwriteend] finished writing chunk at nextAddress = 412160
onboard_logging.js?t=1767270883963:489 [fileWriter.onwriteend] reading next block
onboard_logging.js?t=1767270883963:455 [onChunkRead] nextAddress = 412160 chunkDataView.byteLength = 6400 bytesCompressed = 4098
onboard_logging.js?t=1767270883963:466 [onChunkRead] writing chunk, totalBytesCompressed = 208998
onboard_logging.js?t=1767270883963:472 [fileWriter.onwriteend] finished writing chunk at nextAddress = 418560
onboard_logging.js?t=1767270883963:489 [fileWriter.onwriteend] reading next block
onboard_logging.js?t=1767270883963:455 [onChunkRead] nextAddress = 418560 chunkDataView.byteLength = 6400 bytesCompressed = 4098
onboard_logging.js?t=1767270883963:466 [onChunkRead] writing chunk, totalBytesCompressed = 213096
onboard_logging.js?t=1767270883963:472 [fileWriter.onwriteend] finished writing chunk at nextAddress = 424960
onboard_logging.js?t=1767270883963:489 [fileWriter.onwriteend] reading next block
onboard_logging.js?t=1767270883963:455 [onChunkRead] nextAddress = 424960 chunkDataView.byteLength = 6656 bytesCompressed = 4098
onboard_logging.js?t=1767270883963:466 [onChunkRead] writing chunk, totalBytesCompressed = 217194
MSPHelper.js?t=1767270103689:334 [MSP_ANALOG] {voltage: 0, mAhdrawn: 0, rssi: 0, amperage: 0}
onboard_logging.js?t=1767270883963:472 [fileWriter.onwriteend] finished writing chunk at nextAddress = 431616
onboard_logging.js?t=1767270883963:489 [fileWriter.onwriteend] reading next block
onboard_logging.js?t=1767270883963:455 [onChunkRead] nextAddress = 431616 chunkDataView.byteLength = 6656 bytesCompressed = 4098
onboard_logging.js?t=1767270883963:466 [onChunkRead] writing chunk, totalBytesCompressed = 221292
onboard_logging.js?t=1767270883963:472 [fileWriter.onwriteend] finished writing chunk at nextAddress = 438272
onboard_logging.js?t=1767270883963:489 [fileWriter.onwriteend] reading next block
onboard_logging.js?t=1767270883963:455 [onChunkRead] nextAddress = 438272 chunkDataView.byteLength = 6656 bytesCompressed = 4098
onboard_logging.js?t=1767270883963:466 [onChunkRead] writing chunk, totalBytesCompressed = 225390
onboard_logging.js?t=1767270883963:472 [fileWriter.onwriteend] finished writing chunk at nextAddress = 444928
onboard_logging.js?t=1767270883963:489 [fileWriter.onwriteend] reading next block
onboard_logging.js?t=1767270883963:455 [onChunkRead] nextAddress = 444928 chunkDataView.byteLength = 6912 bytesCompressed = 4098
onboard_logging.js?t=1767270883963:466 [onChunkRead] writing chunk, totalBytesCompressed = 229488
onboard_logging.js?t=1767270883963:472 [fileWriter.onwriteend] finished writing chunk at nextAddress = 451840
onboard_logging.js?t=1767270883963:489 [fileWriter.onwriteend] reading next block
onboard_logging.js?t=1767270883963:455 [onChunkRead] nextAddress = 451840 chunkDataView.byteLength = 6656 bytesCompressed = 4098
onboard_logging.js?t=1767270883963:466 [onChunkRead] writing chunk, totalBytesCompressed = 233586
onboard_logging.js?t=1767270883963:472 [fileWriter.onwriteend] finished writing chunk at nextAddress = 458496
onboard_logging.js?t=1767270883963:489 [fileWriter.onwriteend] reading next block
onboard_logging.js?t=1767270883963:455 [onChunkRead] nextAddress = 458496 chunkDataView.byteLength = 6656 bytesCompressed = 4098
onboard_logging.js?t=1767270883963:466 [onChunkRead] writing chunk, totalBytesCompressed = 237684
MSPHelper.js?t=1767270103689:334 [MSP_ANALOG] {voltage: 0, mAhdrawn: 0, rssi: 0, amperage: 0}
onboard_logging.js?t=1767270883963:472 [fileWriter.onwriteend] finished writing chunk at nextAddress = 465152
onboard_logging.js?t=1767270883963:489 [fileWriter.onwriteend] reading next block
onboard_logging.js?t=1767270883963:455 [onChunkRead] nextAddress = 465152 chunkDataView.byteLength = 6912 bytesCompressed = 4098
onboard_logging.js?t=1767270883963:466 [onChunkRead] writing chunk, totalBytesCompressed = 241782
onboard_logging.js?t=1767270883963:472 [fileWriter.onwriteend] finished writing chunk at nextAddress = 472064
onboard_logging.js?t=1767270883963:489 [fileWriter.onwriteend] reading next block
onboard_logging.js?t=1767270883963:455 [onChunkRead] nextAddress = 472064 chunkDataView.byteLength = 6912 bytesCompressed = 4098
onboard_logging.js?t=1767270883963:466 [onChunkRead] writing chunk, totalBytesCompressed = 245880
onboard_logging.js?t=1767270883963:472 [fileWriter.onwriteend] finished writing chunk at nextAddress = 478976
onboard_logging.js?t=1767270883963:489 [fileWriter.onwriteend] reading next block
onboard_logging.js?t=1767270883963:455 [onChunkRead] nextAddress = 478976 chunkDataView.byteLength = 6912 bytesCompressed = 4098
onboard_logging.js?t=1767270883963:466 [onChunkRead] writing chunk, totalBytesCompressed = 249978
onboard_logging.js?t=1767270883963:472 [fileWriter.onwriteend] finished writing chunk at nextAddress = 485888
onboard_logging.js?t=1767270883963:489 [fileWriter.onwriteend] reading next block
onboard_logging.js?t=1767270883963:455 [onChunkRead] nextAddress = 485888 chunkDataView.byteLength = 6912 bytesCompressed = 4098
onboard_logging.js?t=1767270883963:466 [onChunkRead] writing chunk, totalBytesCompressed = 254076
MSPHelper.js?t=1767270103689:334 [MSP_ANALOG] {voltage: 0, mAhdrawn: 0, rssi: 0, amperage: 0}
onboard_logging.js?t=1767270883963:472 [fileWriter.onwriteend] finished writing chunk at nextAddress = 492800
onboard_logging.js?t=1767270883963:489 [fileWriter.onwriteend] reading next block
onboard_logging.js?t=1767270883963:455 [onChunkRead] nextAddress = 492800 chunkDataView.byteLength = 6400 bytesCompressed = 4098
onboard_logging.js?t=1767270883963:466 [onChunkRead] writing chunk, totalBytesCompressed = 258174
onboard_logging.js?t=1767270883963:472 [fileWriter.onwriteend] finished writing chunk at nextAddress = 499200
onboard_logging.js?t=1767270883963:489 [fileWriter.onwriteend] reading next block
onboard_logging.js?t=1767270883963:455 [onChunkRead] nextAddress = 499200 chunkDataView.byteLength = 6400 bytesCompressed = 4098
onboard_logging.js?t=1767270883963:466 [onChunkRead] writing chunk, totalBytesCompressed = 262272
onboard_logging.js?t=1767270883963:472 [fileWriter.onwriteend] finished writing chunk at nextAddress = 505600
onboard_logging.js?t=1767270883963:489 [fileWriter.onwriteend] reading next block
onboard_logging.js?t=1767270883963:455 [onChunkRead] nextAddress = 505600 chunkDataView.byteLength = 6656 bytesCompressed = 4098
onboard_logging.js?t=1767270883963:466 [onChunkRead] writing chunk, totalBytesCompressed = 266370
onboard_logging.js?t=1767270883963:472 [fileWriter.onwriteend] finished writing chunk at nextAddress = 512256
onboard_logging.js?t=1767270883963:489 [fileWriter.onwriteend] reading next block
onboard_logging.js?t=1767270883963:455 [onChunkRead] nextAddress = 512256 chunkDataView.byteLength = 6912 bytesCompressed = 4098
onboard_logging.js?t=1767270883963:466 [onChunkRead] writing chunk, totalBytesCompressed = 270468
onboard_logging.js?t=1767270883963:472 [fileWriter.onwriteend] finished writing chunk at nextAddress = 519168
onboard_logging.js?t=1767270883963:489 [fileWriter.onwriteend] reading next block
onboard_logging.js?t=1767270883963:455 [onChunkRead] nextAddress = 519168 chunkDataView.byteLength = 6912 bytesCompressed = 4098
onboard_logging.js?t=1767270883963:466 [onChunkRead] writing chunk, totalBytesCompressed = 274566
MSPHelper.js?t=1767270103689:334 [MSP_ANALOG] {voltage: 0, mAhdrawn: 0, rssi: 0, amperage: 0}
onboard_logging.js?t=1767270883963:472 [fileWriter.onwriteend] finished writing chunk at nextAddress = 526080
onboard_logging.js?t=1767270883963:489 [fileWriter.onwriteend] reading next block
onboard_logging.js?t=1767270883963:455 [onChunkRead] nextAddress = 526080 chunkDataView.byteLength = 6656 bytesCompressed = 4098
onboard_logging.js?t=1767270883963:466 [onChunkRead] writing chunk, totalBytesCompressed = 278664
onboard_logging.js?t=1767270883963:472 [fileWriter.onwriteend] finished writing chunk at nextAddress = 532736
onboard_logging.js?t=1767270883963:489 [fileWriter.onwriteend] reading next block
onboard_logging.js?t=1767270883963:455 [onChunkRead] nextAddress = 532736 chunkDataView.byteLength = 6656 bytesCompressed = 4098
onboard_logging.js?t=1767270883963:466 [onChunkRead] writing chunk, totalBytesCompressed = 282762
onboard_logging.js?t=1767270883963:472 [fileWriter.onwriteend] finished writing chunk at nextAddress = 539392
onboard_logging.js?t=1767270883963:489 [fileWriter.onwriteend] reading next block
onboard_logging.js?t=1767270883963:455 [onChunkRead] nextAddress = 539392 chunkDataView.byteLength = 6656 bytesCompressed = 4098
onboard_logging.js?t=1767270883963:466 [onChunkRead] writing chunk, totalBytesCompressed = 286860
onboard_logging.js?t=1767270883963:472 [fileWriter.onwriteend] finished writing chunk at nextAddress = 546048
onboard_logging.js?t=1767270883963:489 [fileWriter.onwriteend] reading next block
onboard_logging.js?t=1767270883963:455 [onChunkRead] nextAddress = 546048 chunkDataView.byteLength = 6912 bytesCompressed = 4098
onboard_logging.js?t=1767270883963:466 [onChunkRead] writing chunk, totalBytesCompressed = 290958
onboard_logging.js?t=1767270883963:472 [fileWriter.onwriteend] finished writing chunk at nextAddress = 552960
onboard_logging.js?t=1767270883963:489 [fileWriter.onwriteend] reading next block
onboard_logging.js?t=1767270883963:455 [onChunkRead] nextAddress = 552960 chunkDataView.byteLength = 6912 bytesCompressed = 4098
onboard_logging.js?t=1767270883963:466 [onChunkRead] writing chunk, totalBytesCompressed = 295056
MSPHelper.js?t=1767270103689:334 [MSP_ANALOG] {voltage: 0, mAhdrawn: 0, rssi: 0, amperage: 0}
onboard_logging.js?t=1767270883963:472 [fileWriter.onwriteend] finished writing chunk at nextAddress = 559872
onboard_logging.js?t=1767270883963:489 [fileWriter.onwriteend] reading next block
onboard_logging.js?t=1767270883963:455 [onChunkRead] nextAddress = 559872 chunkDataView.byteLength = 6912 bytesCompressed = 4098
onboard_logging.js?t=1767270883963:466 [onChunkRead] writing chunk, totalBytesCompressed = 299154
onboard_logging.js?t=1767270883963:472 [fileWriter.onwriteend] finished writing chunk at nextAddress = 566784
onboard_logging.js?t=1767270883963:489 [fileWriter.onwriteend] reading next block
onboard_logging.js?t=1767270883963:455 [onChunkRead] nextAddress = 566784 chunkDataView.byteLength = 6912 bytesCompressed = 4098
onboard_logging.js?t=1767270883963:466 [onChunkRead] writing chunk, totalBytesCompressed = 303252
onboard_logging.js?t=1767270883963:472 [fileWriter.onwriteend] finished writing chunk at nextAddress = 573696
onboard_logging.js?t=1767270883963:489 [fileWriter.onwriteend] reading next block
onboard_logging.js?t=1767270883963:455 [onChunkRead] nextAddress = 573696 chunkDataView.byteLength = 6912 bytesCompressed = 4098
onboard_logging.js?t=1767270883963:466 [onChunkRead] writing chunk, totalBytesCompressed = 307350
onboard_logging.js?t=1767270883963:472 [fileWriter.onwriteend] finished writing chunk at nextAddress = 580608
onboard_logging.js?t=1767270883963:489 [fileWriter.onwriteend] reading next block
onboard_logging.js?t=1767270883963:455 [onChunkRead] nextAddress = 580608 chunkDataView.byteLength = 6912 bytesCompressed = 4098
onboard_logging.js?t=1767270883963:466 [onChunkRead] writing chunk, totalBytesCompressed = 311448
onboard_logging.js?t=1767270883963:472 [fileWriter.onwriteend] finished writing chunk at nextAddress = 587520
onboard_logging.js?t=1767270883963:489 [fileWriter.onwriteend] reading next block
MSPHelper.js?t=1767270103689:334 [MSP_ANALOG] {voltage: 0, mAhdrawn: 0, rssi: 0, amperage: 0}
onboard_logging.js?t=1767270883963:455 [onChunkRead] nextAddress = 587520 chunkDataView.byteLength = 6656 bytesCompressed = 4098
onboard_logging.js?t=1767270883963:466 [onChunkRead] writing chunk, totalBytesCompressed = 315546
onboard_logging.js?t=1767270883963:472 [fileWriter.onwriteend] finished writing chunk at nextAddress = 594176
onboard_logging.js?t=1767270883963:489 [fileWriter.onwriteend] reading next block
onboard_logging.js?t=1767270883963:455 [onChunkRead] nextAddress = 594176 chunkDataView.byteLength = 6400 bytesCompressed = 4098
onboard_logging.js?t=1767270883963:466 [onChunkRead] writing chunk, totalBytesCompressed = 319644
onboard_logging.js?t=1767270883963:472 [fileWriter.onwriteend] finished writing chunk at nextAddress = 600576
onboard_logging.js?t=1767270883963:489 [fileWriter.onwriteend] reading next block
onboard_logging.js?t=1767270883963:455 [onChunkRead] nextAddress = 600576 chunkDataView.byteLength = 6656 bytesCompressed = 4098
onboard_logging.js?t=1767270883963:466 [onChunkRead] writing chunk, totalBytesCompressed = 323742
onboard_logging.js?t=1767270883963:472 [fileWriter.onwriteend] finished writing chunk at nextAddress = 607232
onboard_logging.js?t=1767270883963:489 [fileWriter.onwriteend] reading next block
onboard_logging.js?t=1767270883963:455 [onChunkRead] nextAddress = 607232 chunkDataView.byteLength = 6400 bytesCompressed = 4098
onboard_logging.js?t=1767270883963:466 [onChunkRead] writing chunk, totalBytesCompressed = 327840
onboard_logging.js?t=1767270883963:472 [fileWriter.onwriteend] finished writing chunk at nextAddress = 613632
onboard_logging.js?t=1767270883963:489 [fileWriter.onwriteend] reading next block
onboard_logging.js?t=1767270883963:455 [onChunkRead] nextAddress = 613632 chunkDataView.byteLength = 6656 bytesCompressed = 4098
onboard_logging.js?t=1767270883963:466 [onChunkRead] writing chunk, totalBytesCompressed = 331938
onboard_logging.js?t=1767270883963:472 [fileWriter.onwriteend] finished writing chunk at nextAddress = 620288
onboard_logging.js?t=1767270883963:489 [fileWriter.onwriteend] reading next block
MSPHelper.js?t=1767270103689:334 [MSP_ANALOG] {voltage: 0, mAhdrawn: 0, rssi: 0, amperage: 0}
onboard_logging.js?t=1767270883963:455 [onChunkRead] nextAddress = 620288 chunkDataView.byteLength = 6656 bytesCompressed = 4098
onboard_logging.js?t=1767270883963:466 [onChunkRead] writing chunk, totalBytesCompressed = 336036
onboard_logging.js?t=1767270883963:472 [fileWriter.onwriteend] finished writing chunk at nextAddress = 626944
onboard_logging.js?t=1767270883963:489 [fileWriter.onwriteend] reading next block
onboard_logging.js?t=1767270883963:455 [onChunkRead] nextAddress = 626944 chunkDataView.byteLength = 6656 bytesCompressed = 4098
onboard_logging.js?t=1767270883963:466 [onChunkRead] writing chunk, totalBytesCompressed = 340134
onboard_logging.js?t=1767270883963:472 [fileWriter.onwriteend] finished writing chunk at nextAddress = 633600
onboard_logging.js?t=1767270883963:489 [fileWriter.onwriteend] reading next block
onboard_logging.js?t=1767270883963:455 [onChunkRead] nextAddress = 633600 chunkDataView.byteLength = 6400 bytesCompressed = 4098
onboard_logging.js?t=1767270883963:466 [onChunkRead] writing chunk, totalBytesCompressed = 344232
onboard_logging.js?t=1767270883963:472 [fileWriter.onwriteend] finished writing chunk at nextAddress = 640000
onboard_logging.js?t=1767270883963:475 [fileWriter.onwriteend] saveCancelled, closing file
MSPHelper.js?t=1767270103689:334 [MSP_ANALOG] {voltage: 0, mAhdrawn: 0, rssi: 0, amperage: 0}
MSPHelper.js?t=1767270103689:334 [MSP_ANALOG] {voltage: 0, mAhdrawn: 0, rssi: 0, amperage: 0}
MSPHelper.js?t=1767270103689:334 [MSP_ANALOG] {voltage: 0, mAhdrawn: 0, rssi: 0, amperage: 0}
MSPHelper.js?t=1767270103689:334 [MSP_ANALOG] {voltage: 0, mAhdrawn: 0, rssi: 0, amperage: 0}
MSPHelper.js?t=1767270103689:334 [MSP_ANALOG] {voltage: 0, mAhdrawn: 0, rssi: 0, amperage: 0}
MSPHelper.js?t=1767270103689:334 [MSP_ANALOG] {voltage: 0, mAhdrawn: 0, rssi: 0, amperage: 0}
MSPHelper.js?t=1767270103689:334 [MSP_ANALOG] {voltage: 0, mAhdrawn: 0, rssi: 0, amperage: 0}
MSPHelper.js?t=1767270103689:334 [MSP_ANALOG] {voltage: 0, mAhdrawn: 0, rssi: 0, amperage: 0}
MSPHelper.js?t=1767270103689:1648 Arming disable
webSerial.js:145 SERIAL: Connection with ID: undefined closed, Sent: 0 bytes, Received: 0 bytes
